Build started 18/01/2016 21:46:39.
     1>Project "C:\Users\michiel\Documents\GitHub\OMI\CPP_ForceDirectedGraph\CPP_ForceDirectedGraph\CPP_ForceDirectedGraph.vcxproj" on node 2 (Build target(s)).
     1>ClCompile:
         C:\Program Files (x86)\Microsoft Visual Studio 12.0\VC\bin\CL.exe /c /ZI /nologo /W3 /WX- /sdl /Od /Oy- /D WIN32 /D _DEBUG /D _CONSOLE /D _LIB /D _UNICODE /D UNICODE /Gm /EHsc /RTC1 /MDd /GS /fp:precise /Zc:wchar_t /Zc:forScope /Yu"stdafx.h" /Fp"Debug\CPP_ForceDirectedGraph.pch" /Fo"Debug\\" /Fd"Debug\vc120.pdb" /Gd /TP /analyze- /errorReport:prompt CPP_ForceDirectedGraph.cpp HC_Forces.cpp
         HC_Forces.cpp
     1>c:\users\michiel\documents\github\omi\cpp_forcedirectedgraph\cpp_forcedirectedgraph\hc_forces.cpp(98): warning C4244: '=' : conversion from 'double' to 'float', possible loss of data
     1>c:\users\michiel\documents\github\omi\cpp_forcedirectedgraph\cpp_forcedirectedgraph\hc_forces.cpp(99): warning C4244: '=' : conversion from 'double' to 'float', possible loss of data
         CPP_ForceDirectedGraph.cpp
     1>c:\users\michiel\documents\github\omi\cpp_forcedirectedgraph\cpp_forcedirectedgraph\cpp_forcedirectedgraph.cpp(52): warning C4305: 'argument' : truncation from 'double' to 'float'
     1>c:\users\michiel\documents\github\omi\cpp_forcedirectedgraph\cpp_forcedirectedgraph\cpp_forcedirectedgraph.cpp(93): warning C4244: '=' : conversion from 'int' to 'float', possible loss of data
     1>c:\users\michiel\documents\github\omi\cpp_forcedirectedgraph\cpp_forcedirectedgraph\cpp_forcedirectedgraph.cpp(94): warning C4244: '=' : conversion from 'int' to 'float', possible loss of data
     1>c:\users\michiel\documents\github\omi\cpp_forcedirectedgraph\cpp_forcedirectedgraph\cpp_forcedirectedgraph.cpp(125): warning C4800: 'unsigned int' : forcing value to bool 'true' or 'false' (performance warning)
         Generating Code...
         C:\Program Files (x86)\Microsoft Visual Studio 12.0\VC\bin\CL.exe /c /ZI /nologo /W3 /WX- /sdl /Od /Oy- /D WIN32 /D _DEBUG /D _CONSOLE /D _LIB /D _UNICODE /D UNICODE /Gm /EHsc /RTC1 /MDd /GS /fp:precise /Zc:wchar_t /Zc:forScope /Fo"Debug\\" /Fd"Debug\vc120.pdb" /Gd /TP /analyze- /errorReport:prompt Eades_Forces.cpp FR_Forces.cpp
         FR_Forces.cpp
     1>c:\users\michiel\documents\github\omi\cpp_forcedirectedgraph\cpp_forcedirectedgraph\fr_forces.cpp(12): warning C4244: 'initializing' : conversion from 'double' to 'float', possible loss of data
     1>c:\users\michiel\documents\github\omi\cpp_forcedirectedgraph\cpp_forcedirectedgraph\fr_forces.cpp(81): warning C4244: 'argument' : conversion from 'int' to 'float', possible loss of data
     1>c:\users\michiel\documents\github\omi\cpp_forcedirectedgraph\cpp_forcedirectedgraph\fr_forces.cpp(98): warning C4244: 'return' : conversion from 'double' to 'float', possible loss of data
         Eades_Forces.cpp
     1>c:\users\michiel\documents\github\omi\cpp_forcedirectedgraph\cpp_forcedirectedgraph\eades_forces.cpp(110): warning C4244: '=' : conversion from 'double' to 'float', possible loss of data
     1>c:\users\michiel\documents\github\omi\cpp_forcedirectedgraph\cpp_forcedirectedgraph\eades_forces.cpp(111): warning C4244: '=' : conversion from 'double' to 'float', possible loss of data
         Generating Code...
       Link:
         C:\Program Files (x86)\Microsoft Visual Studio 12.0\VC\bin\link.exe /ERRORREPORT:PROMPT /OUT:"C:\Users\michiel\Documents\GitHub\OMI\CPP_ForceDirectedGraph\Debug\CPP_ForceDirectedGraph.exe" /INCREMENTAL /NOLOGO kernel32.lib user32.lib gdi32.lib winspool.lib comdlg32.lib advapi32.lib shell32.lib ole32.lib oleaut32.lib uuid.lib odbc32.lib odbccp32.lib /MANIFEST /MANIFESTUAC:"level='asInvoker' uiAccess='false'" /manifest:embed /DEBUG /PDB:"C:\Users\michiel\Documents\GitHub\OMI\CPP_ForceDirectedGraph\Debug\CPP_ForceDirectedGraph.pdb" /SUBSYSTEM:CONSOLE /TLBID:1 /DYNAMICBASE /NXCOMPAT /IMPLIB:"C:\Users\michiel\Documents\GitHub\OMI\CPP_ForceDirectedGraph\Debug\CPP_ForceDirectedGraph.lib" /MACHINE:X86 Debug\CPP_ForceDirectedGraph.obj
         Debug\Eades_Forces.obj
         Debug\FR_Forces.obj
         Debug\HC_Forces.obj
         Debug\qualityChecker.obj
         Debug\stdafx.obj
         CPP_ForceDirectedGraph.vcxproj -> C:\Users\michiel\Documents\GitHub\OMI\CPP_ForceDirectedGraph\Debug\CPP_ForceDirectedGraph.exe
     1>Done Building Project "C:\Users\michiel\Documents\GitHub\OMI\CPP_ForceDirectedGraph\CPP_ForceDirectedGraph\CPP_ForceDirectedGraph.vcxproj" (Build target(s)).

Build succeeded.

Time Elapsed 00:00:05.86
